\BOOKMARK [1][-]{section*.1}{\376\377\000I\000n\000s\000t\000a\000l\000l\000a\000t\000i\000o\000n}{}% 1
\BOOKMARK [1][-]{section*.2}{\376\377\000W\000o\000r\000k\000f\000l\000o\000w}{}% 2
\BOOKMARK [2][-]{section*.3}{\376\377\000C\000o\000n\000n\000e\000c\000t\000i\000n\000g\000\040\000t\000o\000\040\000S\000c\000o\000p\000u\000s}{section*.2}% 3
\BOOKMARK [2][-]{section*.4}{\376\377\000C\000o\000n\000n\000e\000c\000t\000i\000n\000g\000\040\000t\000o\000\040\000W\000e\000b\000\040\000o\000f\000\040\000S\000c\000i\000e\000n\000c\000e}{section*.2}% 4
\BOOKMARK [2][-]{section*.5}{\376\377\000C\000o\000n\000n\000e\000c\000t\000i\000n\000g\000\040\000t\000o\000\040\000B\000A\000S\000E}{section*.2}% 5
\BOOKMARK [2][-]{section*.6}{\376\377\000O\000t\000h\000e\000r\000\040\000a\000r\000g\000u\000m\000e\000n\000t\000s\000\040\000a\000n\000d\000\040\000s\000y\000n\000t\000a\000x}{section*.2}% 6
\BOOKMARK [3][-]{section*.7}{\376\377\000A\000d\000d\000i\000t\000i\000o\000n\000a\000l\000\040\000k\000e\000y\000w\000o\000r\000d\000s}{section*.6}% 7
\BOOKMARK [3][-]{section*.8}{\376\377\000S\000y\000n\000o\000n\000y\000m\000s}{section*.6}% 8
\BOOKMARK [3][-]{section*.9}{\376\377\000C\000o\000u\000n\000t\000\040\000a\000n\000d\000\040\000F\000e\000t\000c\000h\000\040\000S\000y\000n\000t\000a\000x}{section*.6}% 9
\BOOKMARK [2][-]{section*.10}{\376\377\000E\000x\000t\000r\000a\000c\000t\000i\000n\000g\000\040\000c\000i\000t\000a\000t\000i\000o\000n\000\040\000r\000e\000c\000o\000r\000d\000s}{section*.2}% 10
\BOOKMARK [3][-]{section*.11}{\376\377\000A\000d\000d\000i\000n\000g\000\040\000l\000a\000n\000g\000u\000a\000g\000e\000\040\000a\000s\000\040\000a\000\040\000v\000a\000r\000i\000a\000b\000l\000e\000\040\000\050\000S\000c\000o\000p\000u\000s\000\040\000o\000n\000l\000y\000\051}{section*.10}% 11
\BOOKMARK [3][-]{section*.12}{\376\377\000P\000o\000s\000s\000i\000b\000l\000e\000\040\000e\000r\000r\000o\000r\000s}{section*.10}% 12
\BOOKMARK [2][-]{section*.13}{\376\377\000S\000i\000m\000p\000l\000e\000\040\000c\000o\000u\000n\000t\000s}{section*.2}% 13
\BOOKMARK [2][-]{section*.14}{\376\377\000S\000t\000a\000t\000i\000s\000t\000i\000c\000a\000l\000\040\000i\000n\000d\000i\000c\000e\000s}{section*.2}% 14
\BOOKMARK [2][-]{section*.15}{\376\377\000A\000l\000l\000\040\000i\000n\000d\000i\000c\000e\000s\000\040\000i\000n\000\040\000o\000n\000e\000\040\000g\000o}{section*.2}% 15
\BOOKMARK [1][-]{section*.16}{\376\377\000W\000o\000r\000k\000e\000d\000\040\000e\000x\000a\000m\000p\000l\000e\000s\000\040\000w\000i\000t\000h\000\040\000S\000c\000o\000p\000u\000s}{}% 16
\BOOKMARK [2][-]{section*.17}{\376\377\000C\000o\000m\000p\000a\000r\000i\000n\000g\000\040\000i\000n\000d\000i\000c\000e\000s}{section*.16}% 17
\BOOKMARK [1][-]{section*.18}{\376\377\000L\000i\000m\000i\000t\000a\000t\000i\000o\000n\000s}{}% 18
\BOOKMARK [1][-]{section*.19}{\376\377\000I\000m\000p\000l\000i\000c\000a\000t\000i\000o\000n\000s\000\040\000a\000n\000d\000\040\000f\000u\000t\000u\000r\000e\000\040\000u\000s\000e\000s}{}% 19
\BOOKMARK [1][-]{section*.20}{\376\377\000A\000c\000k\000n\000o\000w\000l\000e\000d\000g\000e\000m\000e\000n\000t\000s}{}% 20
\BOOKMARK [1][-]{section*.21}{\376\377\000R\000e\000f\000e\000r\000e\000n\000c\000e\000s}{}% 21
